Release 14.5 - xst P.58f (nt64)
Copyright (c) 1995-2012 Xilinx, Inc.  All rights reserved.
--> Parameter TMPDIR set to xst/projnav.tmp


Total REAL time to Xst completion: 0.00 secs
Total CPU time to Xst completion: 0.05 secs
 
--> Parameter xsthdpdir set to xst


Total REAL time to Xst completion: 0.00 secs
Total CPU time to Xst completion: 0.05 secs
 
--> Reading design: ALU.prj

TABLE OF CONTENTS
  1) Synthesis Options Summary
  2) HDL Parsing
  3) HDL Elaboration
  4) HDL Synthesis
       4.1) HDL Synthesis Report
  5) Advanced HDL Synthesis
       5.1) Advanced HDL Synthesis Report
  6) Low Level Synthesis
  7) Partition Report
  8) Design Summary
       8.1) Primitive and Black Box Usage
       8.2) Device utilization summary
       8.3) Partition Resource Summary
       8.4) Timing Report
            8.4.1) Clock Information
            8.4.2) Asynchronous Control Signals Information
            8.4.3) Timing Summary
            8.4.4) Timing Details
            8.4.5) Cross Clock Domains Report


=========================================================================
*                      Synthesis Options Summary                        *
=========================================================================
---- Source Parameters
Input File Name                    : "ALU.prj"
Ignore Synthesis Constraint File   : NO

---- Target Parameters
Output File Name                   : "ALU"
Output Format                      : NGC
Target Device                      : xc7a100t-3-csg324

---- Source Options
Top Module Name                    : ALU
Automatic FSM Extraction           : YES
FSM Encoding Algorithm             : Auto
Safe Implementation                : No
FSM Style                          : LUT
RAM Extraction                     : Yes
RAM Style                          : Auto
ROM Extraction                     : Yes
Shift Register Extraction          : YES
ROM Style                          : Auto
Resource Sharing                   : YES
Asynchronous To Synchronous        : NO
Shift Register Minimum Size        : 2
Use DSP Block                      : Auto
Automatic Register Balancing       : No

---- Target Options
LUT Combining                      : Auto
Reduce Control Sets                : Auto
Add IO Buffers                     : YES
Global Maximum Fanout              : 100000
Add Generic Clock Buffer(BUFG)     : 32
Register Duplication               : YES
Optimize Instantiated Primitives   : NO
Use Clock Enable                   : Auto
Use Synchronous Set                : Auto
Use Synchronous Reset              : Auto
Pack IO Registers into IOBs        : Auto
Equivalent register Removal        : YES

---- General Options
Optimization Goal                  : Speed
Optimization Effort                : 1
Power Reduction                    : NO
Keep Hierarchy                     : No
Netlist Hierarchy                  : As_Optimized
RTL Output                         : Yes
Global Optimization                : AllClockNets
Read Cores                         : YES
Write Timing Constraints           : NO
Cross Clock Analysis               : NO
Hierarchy Separator                : /
Bus Delimiter                      : <>
Case Specifier                     : Maintain
Slice Utilization Ratio            : 100
BRAM Utilization Ratio             : 100
DSP48 Utilization Ratio            : 100
Auto BRAM Packing                  : NO
Slice Utilization Ratio Delta      : 5

=========================================================================


=========================================================================
*                          HDL Parsing                                  *
=========================================================================
Parsing VHDL file "C:\Projects\Phase1\ALU.vhd" into library work
Parsing entity <ALU>.
Parsing architecture <Behavioral> of entity <alu>.

=========================================================================
*                            HDL Elaboration                            *
=========================================================================

Elaborating entity <ALU> (architecture <Behavioral>) with generics from library <work>.

=========================================================================
*                           HDL Synthesis                               *
=========================================================================

Synthesizing Unit <ALU>.
    Related source file is "C:\Projects\Phase1\ALU.vhd".
        n = 32
    Found 32-bit adder for signal <_n0207> created at line 38.
    Found 32-bit adder for signal <_n0208> created at line 38.
    Found 32-bit adder for signal <sum> created at line 38.
    Found 32-bit 4-to-1 multiplexer for signal <dataout> created at line 29.
    Summary:
	inferred   3 Adder/Subtractor(s).
	inferred   3 Multiplexer(s).
Unit <ALU> synthesized.

=========================================================================
HDL Synthesis Report

Macro Statistics
# Adders/Subtractors                                   : 3
 32-bit adder                                          : 3
# Multiplexers                                         : 3
 32-bit 2-to-1 multiplexer                             : 2
 32-bit 4-to-1 multiplexer                             : 1

=========================================================================

=========================================================================
*                       Advanced HDL Synthesis                          *
=========================================================================


=========================================================================
Advanced HDL Synthesis Report

Macro Statistics
# Adders/Subtractors                                   : 2
 32-bit adder                                          : 1
 32-bit adder carry in                                 : 1
# Multiplexers                                         : 3
 32-bit 2-to-1 multiplexer                             : 2
 32-bit 4-to-1 multiplexer                             : 1

=========================================================================

=========================================================================
*                         Low Level Synthesis                           *
=========================================================================

Optimizing unit <ALU> ...

Mapping all equations...
Building and optimizing final netlist ...
Found area constraint ratio of 100 (+ 5) on block ALU, actual ratio is 0.

Final Macro Processing ...

=========================================================================
Final Register Report

Found no macro
=========================================================================

=========================================================================
*                           Partition Report                            *
=========================================================================

Partition Implementation Status
-------------------------------

  No Partitions were found in this design.

-------------------------------

=========================================================================
*                            Design Summary                             *
=========================================================================

Top Level Output File Name         : ALU.ngc

Primitive and Black Box Usage:
------------------------------
# BELS                             : 231
#      GND                         : 1
#      LUT2                        : 95
#      LUT3                        : 33
#      LUT4                        : 1
#      LUT5                        : 1
#      LUT6                        : 37
#      MUXCY                       : 31
#      XORCY                       : 32
# IO Buffers                       : 101
#      IBUF                        : 68
#      OBUF                        : 33

Device utilization summary:
---------------------------

Selected Device : 7a100tcsg324-3 


Slice Logic Utilization: 
 Number of Slice LUTs:                  167  out of  63400     0%  
    Number used as Logic:               167  out of  63400     0%  

Slice Logic Distribution: 
 Number of LUT Flip Flop pairs used:    167
   Number with an unused Flip Flop:     167  out of    167   100%  
   Number with an unused LUT:             0  out of    167     0%  
   Number of fully used LUT-FF pairs:     0  out of    167     0%  
   Number of unique control sets:         0

IO Utilization: 
 Number of IOs:                         101
 Number of bonded IOBs:                 101  out of    210    48%  

Specific Feature Utilization:

---------------------------
Partition Resource Summary:
---------------------------

  No Partitions were found in this design.

---------------------------


=========================================================================
Timing Report

NOTE: THESE TIMING NUMBERS ARE ONLY A SYNTHESIS ESTIMATE.
      FOR ACCURATE TIMING INFORMATION PLEASE REFER TO THE TRACE REPORT
      GENERATED AFTER PLACE-and-ROUTE.

Clock Information:
------------------
No clock signals found in this design

Asynchronous Control Signals Information:
----------------------------------------
No asynchronous control signals found in this design

Timing Summary:
---------------
Speed Grade: -3

   Minimum period: No path found
   Minimum input arrival time before clock: No path found
   Maximum output required time after clock: No path found
   Maximum combinational path delay: 4.831ns

Timing Details:
---------------
All values displayed in nanoseconds (ns)

=========================================================================
Timing constraint: Default path analysis
  Total number of paths / destination ports: 13040 / 33
-------------------------------------------------------------------------
Delay:               4.831ns (Levels of Logic = 31)
  Source:            aluop<3> (PAD)
  Destination:       zflag (PAD)

  Data Path: aluop<3> to zflag
                                Gate     Net
    Cell:in->out      fanout   Delay   Delay  Logical Name (Net Name)
    ----------------------------------------  ------------
     IBUF:I->O            35   0.001   0.403  aluop_3_IBUF (aluop_3_IBUF)
     LUT2:I1->O            3   0.097   0.389  Mmux_data_1121 (data_1<1>)
     LUT2:I0->O            1   0.097   0.295  Madd_sum1 (Madd_sum1)
     LUT3:I2->O            1   0.097   0.000  Madd_sum_lut<0>2 (Madd_sum_lut<0>2)
     MUXCY:S->O            1   0.353   0.000  Madd_sum_cy<0>_1 (Madd_sum_cy<0>2)
     MUXCY:CI->O           1   0.023   0.000  Madd_sum_cy<0>_2 (Madd_sum_cy<0>3)
     MUXCY:CI->O           1   0.023   0.000  Madd_sum_cy<0>_3 (Madd_sum_cy<0>4)
     MUXCY:CI->O           1   0.023   0.000  Madd_sum_cy<0>_4 (Madd_sum_cy<0>5)
     MUXCY:CI->O           1   0.023   0.000  Madd_sum_cy<0>_5 (Madd_sum_cy<0>6)
     MUXCY:CI->O           1   0.023   0.000  Madd_sum_cy<0>_6 (Madd_sum_cy<0>7)
     MUXCY:CI->O           1   0.023   0.000  Madd_sum_cy<0>_7 (Madd_sum_cy<0>8)
     MUXCY:CI->O           1   0.023   0.000  Madd_sum_cy<0>_8 (Madd_sum_cy<0>9)
     MUXCY:CI->O           1   0.023   0.000  Madd_sum_cy<0>_9 (Madd_sum_cy<0>10)
     MUXCY:CI->O           1   0.023   0.000  Madd_sum_cy<0>_10 (Madd_sum_cy<0>11)
     MUXCY:CI->O           1   0.023   0.000  Madd_sum_cy<0>_11 (Madd_sum_cy<0>12)
     MUXCY:CI->O           1   0.023   0.000  Madd_sum_cy<0>_12 (Madd_sum_cy<0>13)
     MUXCY:CI->O           1   0.023   0.000  Madd_sum_cy<0>_13 (Madd_sum_cy<0>14)
     MUXCY:CI->O           1   0.023   0.000  Madd_sum_cy<0>_14 (Madd_sum_cy<0>15)
     MUXCY:CI->O           1   0.023   0.000  Madd_sum_cy<0>_15 (Madd_sum_cy<0>16)
     MUXCY:CI->O           1   0.023   0.000  Madd_sum_cy<0>_16 (Madd_sum_cy<0>17)
     MUXCY:CI->O           1   0.023   0.000  Madd_sum_cy<0>_17 (Madd_sum_cy<0>18)
     MUXCY:CI->O           1   0.023   0.000  Madd_sum_cy<0>_18 (Madd_sum_cy<0>19)
     MUXCY:CI->O           1   0.023   0.000  Madd_sum_cy<0>_19 (Madd_sum_cy<0>20)
     MUXCY:CI->O           1   0.023   0.000  Madd_sum_cy<0>_20 (Madd_sum_cy<0>21)
     MUXCY:CI->O           1   0.023   0.000  Madd_sum_cy<0>_21 (Madd_sum_cy<0>22)
     MUXCY:CI->O           1   0.023   0.000  Madd_sum_cy<0>_22 (Madd_sum_cy<0>23)
     XORCY:CI->O           1   0.370   0.295  Madd_sum_xor<0>_23 (sum<24>)
     LUT6:I5->O            2   0.097   0.697  Mmux_dataout171 (dataout_24_OBUF)
     LUT6:I0->O            1   0.097   0.683  zflag<31>3 (zflag<31>2)
     LUT6:I1->O            1   0.097   0.279  zflag<31>7 (zflag_OBUF)
     OBUF:I->O                 0.000          zflag_OBUF (zflag)
    ----------------------------------------
    Total                      4.831ns (1.789ns logic, 3.042ns route)
                                       (37.0% logic, 63.0% route)

=========================================================================

Cross Clock Domains Report:
--------------------------

=========================================================================


Total REAL time to Xst completion: 5.00 secs
Total CPU time to Xst completion: 5.11 secs
 
--> 

Total memory usage is 447420 kilobytes

Number of errors   :    0 (   0 filtered)
Number of warnings :    0 (   0 filtered)
Number of infos    :    0 (   0 filtered)

