Release 14.5 - xst P.58f (nt64)
Copyright (c) 1995-2012 Xilinx, Inc.  All rights reserved.
--> Parameter TMPDIR set to xst/projnav.tmp


Total REAL time to Xst completion: 0.00 secs
Total CPU time to Xst completion: 0.05 secs
 
--> Parameter xsthdpdir set to xst


Total REAL time to Xst completion: 0.00 secs
Total CPU time to Xst completion: 0.05 secs
 
--> Reading design: Controller.prj

TABLE OF CONTENTS
  1) Synthesis Options Summary
  2) HDL Parsing
  3) HDL Elaboration
  4) HDL Synthesis
       4.1) HDL Synthesis Report
  5) Advanced HDL Synthesis
       5.1) Advanced HDL Synthesis Report
  6) Low Level Synthesis
  7) Partition Report
  8) Design Summary
       8.1) Primitive and Black Box Usage
       8.2) Device utilization summary
       8.3) Partition Resource Summary
       8.4) Timing Report
            8.4.1) Clock Information
            8.4.2) Asynchronous Control Signals Information
            8.4.3) Timing Summary
            8.4.4) Timing Details
            8.4.5) Cross Clock Domains Report


=========================================================================
*                      Synthesis Options Summary                        *
=========================================================================
---- Source Parameters
Input File Name                    : "Controller.prj"
Ignore Synthesis Constraint File   : NO

---- Target Parameters
Output File Name                   : "Controller"
Output Format                      : NGC
Target Device                      : xc7a100t-3-csg324

---- Source Options
Top Module Name                    : Controller
Automatic FSM Extraction           : YES
FSM Encoding Algorithm             : Auto
Safe Implementation                : No
FSM Style                          : LUT
RAM Extraction                     : Yes
RAM Style                          : Auto
ROM Extraction                     : Yes
Shift Register Extraction          : YES
ROM Style                          : Auto
Resource Sharing                   : YES
Asynchronous To Synchronous        : NO
Shift Register Minimum Size        : 2
Use DSP Block                      : Auto
Automatic Register Balancing       : No

---- Target Options
LUT Combining                      : Auto
Reduce Control Sets                : Auto
Add IO Buffers                     : YES
Global Maximum Fanout              : 100000
Add Generic Clock Buffer(BUFG)     : 32
Register Duplication               : YES
Optimize Instantiated Primitives   : NO
Use Clock Enable                   : Auto
Use Synchronous Set                : Auto
Use Synchronous Reset              : Auto
Pack IO Registers into IOBs        : Auto
Equivalent register Removal        : YES

---- General Options
Optimization Goal                  : Speed
Optimization Effort                : 1
Power Reduction                    : NO
Keep Hierarchy                     : No
Netlist Hierarchy                  : As_Optimized
RTL Output                         : Yes
Global Optimization                : AllClockNets
Read Cores                         : YES
Write Timing Constraints           : NO
Cross Clock Analysis               : NO
Hierarchy Separator                : /
Bus Delimiter                      : <>
Case Specifier                     : Maintain
Slice Utilization Ratio            : 100
BRAM Utilization Ratio             : 100
DSP48 Utilization Ratio            : 100
Auto BRAM Packing                  : NO
Slice Utilization Ratio Delta      : 5

=========================================================================


=========================================================================
*                          HDL Parsing                                  *
=========================================================================
Parsing VHDL file "C:\Projects\Phase1\mypackage.vhd" into library work
Parsing package <mypackage>.
INFO:HDLCompiler:1676 - "C:\Projects\Phase1\mypackage.vhd" Line 194. declaration of a buffer port will make it difficult for you to validate this design by simulation. It is preferable to declare it as output
INFO:HDLCompiler:1676 - "C:\Projects\Phase1\mypackage.vhd" Line 201. declaration of a buffer port will make it difficult for you to validate this design by simulation. It is preferable to declare it as output
Parsing VHDL file "C:\Projects\Phase1\maindecoder.vhd" into library work
Parsing entity <MAINDECODER>.
Parsing architecture <Behavioral> of entity <maindecoder>.
Parsing VHDL file "C:\Projects\Phase1\alucontrol.vhd" into library work
Parsing entity <alucontrol2>.
Parsing architecture <Behavioral> of entity <alucontrol2>.
Parsing VHDL file "C:\Projects\Phase1\Controller.vhd" into library work
Parsing entity <Controller>.
Parsing architecture <Behavioral> of entity <controller>.

=========================================================================
*                            HDL Elaboration                            *
=========================================================================

Elaborating entity <Controller> (architecture <Behavioral>) from library <work>.

Elaborating entity <MAINDECODER> (architecture <Behavioral>) from library <work>.
WARNING:HDLCompiler:92 - "C:\Projects\Phase1\maindecoder.vhd" Line 51: controls should be on the sensitivity list of the process
WARNING:HDLCompiler:92 - "C:\Projects\Phase1\maindecoder.vhd" Line 52: controls should be on the sensitivity list of the process
WARNING:HDLCompiler:92 - "C:\Projects\Phase1\maindecoder.vhd" Line 53: controls should be on the sensitivity list of the process
WARNING:HDLCompiler:92 - "C:\Projects\Phase1\maindecoder.vhd" Line 54: controls should be on the sensitivity list of the process
WARNING:HDLCompiler:92 - "C:\Projects\Phase1\maindecoder.vhd" Line 55: controls should be on the sensitivity list of the process
WARNING:HDLCompiler:92 - "C:\Projects\Phase1\maindecoder.vhd" Line 56: controls should be on the sensitivity list of the process
WARNING:HDLCompiler:92 - "C:\Projects\Phase1\maindecoder.vhd" Line 57: controls should be on the sensitivity list of the process
WARNING:HDLCompiler:92 - "C:\Projects\Phase1\maindecoder.vhd" Line 58: controls should be on the sensitivity list of the process

Elaborating entity <alucontrol2> (architecture <Behavioral>) from library <work>.

=========================================================================
*                           HDL Synthesis                               *
=========================================================================

Synthesizing Unit <Controller>.
    Related source file is "C:\Projects\Phase1\Controller.vhd".
WARNING:Xst:647 - Input <zero> is never used. This port will be preserved and left unconnected if it belongs to a top-level block or it belongs to a sub-block and the hierarchy of this sub-block is preserved.
    Summary:
	no macro.
Unit <Controller> synthesized.

Synthesizing Unit <MAINDECODER>.
    Related source file is "C:\Projects\Phase1\maindecoder.vhd".
    Summary:
	no macro.
Unit <MAINDECODER> synthesized.

Synthesizing Unit <alucontrol2>.
    Related source file is "C:\Projects\Phase1\alucontrol.vhd".
    Summary:
	no macro.
Unit <alucontrol2> synthesized.

=========================================================================
HDL Synthesis Report

Found no macro
=========================================================================

=========================================================================
*                       Advanced HDL Synthesis                          *
=========================================================================


=========================================================================
Advanced HDL Synthesis Report

Found no macro
=========================================================================

=========================================================================
*                         Low Level Synthesis                           *
=========================================================================

Optimizing unit <Controller> ...

Mapping all equations...
Building and optimizing final netlist ...
Found area constraint ratio of 100 (+ 5) on block Controller, actual ratio is 0.

Final Macro Processing ...

=========================================================================
Final Register Report

Found no macro
=========================================================================

=========================================================================
*                           Partition Report                            *
=========================================================================

Partition Implementation Status
-------------------------------

  No Partitions were found in this design.

-------------------------------

=========================================================================
*                            Design Summary                             *
=========================================================================

Top Level Output File Name         : Controller.ngc

Primitive and Black Box Usage:
------------------------------
# BELS                             : 15
#      GND                         : 1
#      LUT4                        : 7
#      LUT5                        : 3
#      LUT6                        : 4
# IO Buffers                       : 23
#      IBUF                        : 12
#      OBUF                        : 11

Device utilization summary:
---------------------------

Selected Device : 7a100tcsg324-3 


Slice Logic Utilization: 
 Number of Slice LUTs:                   14  out of  63400     0%  
    Number used as Logic:                14  out of  63400     0%  

Slice Logic Distribution: 
 Number of LUT Flip Flop pairs used:     14
   Number with an unused Flip Flop:      14  out of     14   100%  
   Number with an unused LUT:             0  out of     14     0%  
   Number of fully used LUT-FF pairs:     0  out of     14     0%  
   Number of unique control sets:         0

IO Utilization: 
 Number of IOs:                          24
 Number of bonded IOBs:                  23  out of    210    10%  

Specific Feature Utilization:

---------------------------
Partition Resource Summary:
---------------------------

  No Partitions were found in this design.

---------------------------


=========================================================================
Timing Report

NOTE: THESE TIMING NUMBERS ARE ONLY A SYNTHESIS ESTIMATE.
      FOR ACCURATE TIMING INFORMATION PLEASE REFER TO THE TRACE REPORT
      GENERATED AFTER PLACE-and-ROUTE.

Clock Information:
------------------
No clock signals found in this design

Asynchronous Control Signals Information:
----------------------------------------
No asynchronous control signals found in this design

Timing Summary:
---------------
Speed Grade: -3

   Minimum period: No path found
   Minimum input arrival time before clock: No path found
   Maximum output required time after clock: No path found
   Maximum combinational path delay: 1.766ns

Timing Details:
---------------
All values displayed in nanoseconds (ns)

=========================================================================
Timing constraint: Default path analysis
  Total number of paths / destination ports: 85 / 9
-------------------------------------------------------------------------
Delay:               1.766ns (Levels of Logic = 4)
  Source:            op<1> (PAD)
  Destination:       alucontrol<0> (PAD)

  Data Path: op<1> to alucontrol<0>
                                Gate     Net
    Cell:in->out      fanout   Delay   Delay  Logical Name (Net Name)
    ----------------------------------------  ------------
     IBUF:I->O             6   0.001   0.579  op_1_IBUF (op_1_IBUF)
     LUT4:I0->O            5   0.097   0.712  maindecobj/controls<5>11 (maindecobj/controls<5>1)
     LUT6:I0->O            1   0.097   0.279  alucontrolobj/alucontrol<4> (alucontrol_0_OBUF)
     OBUF:I->O                 0.000          alucontrol_0_OBUF (alucontrol<0>)
    ----------------------------------------
    Total                      1.766ns (0.195ns logic, 1.571ns route)
                                       (11.0% logic, 89.0% route)

=========================================================================

Cross Clock Domains Report:
--------------------------

=========================================================================


Total REAL time to Xst completion: 6.00 secs
Total CPU time to Xst completion: 5.72 secs
 
--> 

Total memory usage is 444732 kilobytes

Number of errors   :    0 (   0 filtered)
Number of warnings :    9 (   0 filtered)
Number of infos    :    0 (   0 filtered)

